Determining if the pthread_create exist failed with the following output:
Change Dir: /home/kw-cobot/catkin_ws/build/navfn/CMakeFiles/CMakeTmp

Run Build Command:"/usr/bin/make" "cmTC_71914/fast"
/usr/bin/make -f CMakeFiles/cmTC_71914.dir/build.make CMakeFiles/cmTC_71914.dir/build
make[1]: 디렉터리 '/home/kw-cobot/catkin_ws/build/navfn/CMakeFiles/CMakeTmp' 들어감
Building C object CMakeFiles/cmTC_71914.dir/CheckSymbolExists.c.o
/usr/bin/cc    -o CMakeFiles/cmTC_71914.dir/CheckSymbolExists.c.o   -c /home/kw-cobot/catkin_ws/build/navfn/CMakeFiles/CMakeTmp/CheckSymbolExists.c
Linking C executable cmTC_71914
/usr/bin/cmake -E cmake_link_script CMakeFiles/cmTC_71914.dir/link.txt --verbose=1
/usr/bin/cc      -rdynamic CMakeFiles/cmTC_71914.dir/CheckSymbolExists.c.o  -o cmTC_71914 
CMakeFiles/cmTC_71914.dir/CheckSymbolExists.c.o: In function `main':
CheckSymbolExists.c:(.text+0x1b): undefined reference to `pthread_create'
collect2: error: ld returned 1 exit status
CMakeFiles/cmTC_71914.dir/build.make:97: recipe for target 'cmTC_71914' failed
make[1]: *** [cmTC_71914] Error 1
make[1]: 디렉터리 '/home/kw-cobot/catkin_ws/build/navfn/CMakeFiles/CMakeTmp' 나감
Makefile:126: recipe for target 'cmTC_71914/fast' failed
make: *** [cmTC_71914/fast] Error 2

File /home/kw-cobot/catkin_ws/build/navfn/CMakeFiles/CMakeTmp/CheckSymbolExists.c:
/* */
#include <pthread.h>

int main(int argc, char** argv)
{
  (void)argv;
#ifndef pthread_create
  return ((int*)(&pthread_create))[argc];
#else
  (void)argc;
  return 0;
#endif
}

Determining if the function pthread_create exists in the pthreads failed with the following output:
Change Dir: /home/kw-cobot/catkin_ws/build/navfn/CMakeFiles/CMakeTmp

Run Build Command:"/usr/bin/make" "cmTC_4a882/fast"
/usr/bin/make -f CMakeFiles/cmTC_4a882.dir/build.make CMakeFiles/cmTC_4a882.dir/build
make[1]: 디렉터리 '/home/kw-cobot/catkin_ws/build/navfn/CMakeFiles/CMakeTmp' 들어감
Building C object CMakeFiles/cmTC_4a882.dir/CheckFunctionExists.c.o
/usr/bin/cc   -DCHECK_FUNCTION_EXISTS=pthread_create   -o CMakeFiles/cmTC_4a882.dir/CheckFunctionExists.c.o   -c /usr/share/cmake-3.10/Modules/CheckFunctionExists.c
Linking C executable cmTC_4a882
/usr/bin/cmake -E cmake_link_script CMakeFiles/cmTC_4a882.dir/link.txt --verbose=1
/usr/bin/cc  -DCHECK_FUNCTION_EXISTS=pthread_create    -rdynamic CMakeFiles/cmTC_4a882.dir/CheckFunctionExists.c.o  -o cmTC_4a882 -lpthreads 
/usr/bin/ld: cannot find -lpthreads
collect2: error: ld returned 1 exit status
CMakeFiles/cmTC_4a882.dir/build.make:97: recipe for target 'cmTC_4a882' failed
make[1]: *** [cmTC_4a882] Error 1
make[1]: 디렉터리 '/home/kw-cobot/catkin_ws/build/navfn/CMakeFiles/CMakeTmp' 나감
Makefile:126: recipe for target 'cmTC_4a882/fast' failed
make: *** [cmTC_4a882/fast] Error 2


Determining if the include file pgm.h exists failed with the following output:
Change Dir: /home/kw-cobot/catkin_ws/build/navfn/CMakeFiles/CMakeTmp

Run Build Command:"/usr/bin/make" "cmTC_f3772/fast"
/usr/bin/make -f CMakeFiles/cmTC_f3772.dir/build.make CMakeFiles/cmTC_f3772.dir/build
make[1]: 디렉터리 '/home/kw-cobot/catkin_ws/build/navfn/CMakeFiles/CMakeTmp' 들어감
Building CXX object CMakeFiles/cmTC_f3772.dir/CheckIncludeFile.cxx.o
/usr/bin/c++     -o CMakeFiles/cmTC_f3772.dir/CheckIncludeFile.cxx.o -c /home/kw-cobot/catkin_ws/build/navfn/CMakeFiles/CMakeTmp/CheckIncludeFile.cxx
/home/kw-cobot/catkin_ws/build/navfn/CMakeFiles/CMakeTmp/CheckIncludeFile.cxx:1:10: fatal error: pgm.h: 그런 파일이나 디렉터리가 없습니다
 #include <pgm.h>
          ^~~~~~~
compilation terminated.
CMakeFiles/cmTC_f3772.dir/build.make:65: recipe for target 'CMakeFiles/cmTC_f3772.dir/CheckIncludeFile.cxx.o' failed
make[1]: *** [CMakeFiles/cmTC_f3772.dir/CheckIncludeFile.cxx.o] Error 1
make[1]: 디렉터리 '/home/kw-cobot/catkin_ws/build/navfn/CMakeFiles/CMakeTmp' 나감
Makefile:126: recipe for target 'cmTC_f3772/fast' failed
make: *** [cmTC_f3772/fast] Error 2


